2026-01-31 15:48:37,502 | INFO | Using game instance: python_gomuko
2026-01-31 15:48:48,869 | INFO | [1000/50000] DQN loss: 0.09896652400493622
2026-01-31 15:48:55,869 | INFO | [2000/50000] DQN loss: 0.14667455852031708
2026-01-31 15:49:03,002 | INFO | [3000/50000] DQN loss: 0.161711186170578
2026-01-31 15:49:09,733 | INFO | [4000/50000] DQN loss: 0.20364561676979065
2026-01-31 15:49:16,794 | INFO | [5000/50000] DQN loss: 0.13697445392608643
2026-01-31 15:49:23,779 | INFO | [6000/50000] DQN loss: 0.19597254693508148
2026-01-31 15:49:30,878 | INFO | [7000/50000] DQN loss: 0.10748681426048279
2026-01-31 15:49:38,119 | INFO | [8000/50000] DQN loss: 0.09674675762653351
2026-01-31 15:49:46,028 | INFO | [9000/50000] DQN loss: 0.13208803534507751
2026-01-31 15:49:53,382 | INFO | [10000/50000] DQN loss: 0.17868921160697937
2026-01-31 15:50:00,195 | INFO | [11000/50000] DQN loss: 0.12965792417526245
2026-01-31 15:50:07,311 | INFO | [12000/50000] DQN loss: 0.16556301712989807
2026-01-31 15:50:14,246 | INFO | [13000/50000] DQN loss: 0.0989554226398468
2026-01-31 15:50:21,898 | INFO | [14000/50000] DQN loss: 0.1302812546491623
2026-01-31 15:50:29,160 | INFO | [15000/50000] DQN loss: 0.12741369009017944
2026-01-31 15:50:36,193 | INFO | [16000/50000] DQN loss: 0.12203313410282135
2026-01-31 15:50:43,289 | INFO | [17000/50000] DQN loss: 0.1566120684146881
2026-01-31 15:50:50,402 | INFO | [18000/50000] DQN loss: 0.1337129771709442
2026-01-31 15:50:57,597 | INFO | [19000/50000] DQN loss: 0.1638631969690323
2026-01-31 15:51:04,993 | INFO | [20000/50000] DQN loss: 0.11717012524604797
2026-01-31 15:51:12,085 | INFO | [21000/50000] DQN loss: 0.061134397983551025
2026-01-31 15:51:18,709 | INFO | [22000/50000] DQN loss: 0.11150076240301132
2026-01-31 15:51:25,512 | INFO | [23000/50000] DQN loss: 0.12641683220863342
2026-01-31 15:51:32,397 | INFO | [24000/50000] DQN loss: 0.08152370899915695
2026-01-31 15:51:39,284 | INFO | [25000/50000] DQN loss: 0.09822456538677216
2026-01-31 15:51:46,206 | INFO | [26000/50000] DQN loss: 0.07215149700641632
2026-01-31 15:51:53,623 | INFO | [27000/50000] DQN loss: 0.09480173885822296
2026-01-31 15:52:00,810 | INFO | [28000/50000] DQN loss: 0.09728403389453888
2026-01-31 15:52:07,429 | INFO | [29000/50000] DQN loss: 0.17311488091945648
2026-01-31 15:52:14,265 | INFO | [30000/50000] DQN loss: 0.13737325370311737
2026-01-31 15:52:21,076 | INFO | [31000/50000] DQN loss: 0.0816967561841011
2026-01-31 15:52:27,480 | INFO | [32000/50000] DQN loss: 0.12775686383247375
2026-01-31 15:52:34,127 | INFO | [33000/50000] DQN loss: 0.11300280690193176
2026-01-31 15:52:40,865 | INFO | [34000/50000] DQN loss: 0.08321576565504074
2026-01-31 15:52:48,030 | INFO | [35000/50000] DQN loss: 0.06885122507810593
2026-01-31 15:52:55,468 | INFO | [36000/50000] DQN loss: 0.112320676445961
2026-01-31 15:53:02,453 | INFO | [37000/50000] DQN loss: 0.1562584638595581
2026-01-31 15:53:09,024 | INFO | [38000/50000] DQN loss: 0.10876661539077759
2026-01-31 15:53:15,281 | INFO | [39000/50000] DQN loss: 0.06527629494667053
2026-01-31 15:53:21,613 | INFO | [40000/50000] DQN loss: 0.14852723479270935
2026-01-31 15:53:27,725 | INFO | [41000/50000] DQN loss: 0.13226109743118286
2026-01-31 15:53:33,735 | INFO | [42000/50000] DQN loss: 0.09752283245325089
2026-01-31 15:53:39,715 | INFO | [43000/50000] DQN loss: 0.08080991357564926
2026-01-31 15:53:45,767 | INFO | [44000/50000] DQN loss: 0.12581363320350647
2026-01-31 15:53:51,884 | INFO | [45000/50000] DQN loss: 0.050407055765390396
2026-01-31 15:53:57,843 | INFO | [46000/50000] DQN loss: 0.09414483606815338
2026-01-31 15:54:03,849 | INFO | [47000/50000] DQN loss: 0.12441699951887131
2026-01-31 15:54:09,852 | INFO | [48000/50000] DQN loss: 0.03956708312034607
2026-01-31 15:54:15,825 | INFO | [49000/50000] DQN loss: 0.1083468571305275
2026-01-31 15:54:28,326 | INFO | Mean episode rewards: [0.985 0.446]
2026-01-31 16:02:25,326 | INFO | Using game instance: python_gomuko
2026-01-31 16:04:31,052 | INFO | Using game instance: python_gomuko
2026-01-31 16:04:32,284 | INFO | You are playing as 0
2026-01-31 16:04:32,287 | INFO | 
[[0. 0. 0. 0. 0. 0. 0.]
 [0. 0. 0. 0. 0. 0. 0.]
 [0. 0. 0. 0. 1. 0. 0.]
 [0. 0. 0. 0. 0. 0. 0.]
 [0. 0. 0. 0. 0. 0. 0.]
 [0. 0. 0. 0. 0. 0. 0.]
 [0. 0. 0. 0. 0. 0. 0.]]
2026-01-31 16:04:32,288 | INFO | 
[['X' 'X' 'X' 'X' 'X' 'X' 'X']
 ['X' 'X' 'X' 'X' 'X' 'X' 'X']
 ['X' 'X' 'X' 'X' 'X' 'X' 'X']
 ['X' 'X' 'X' 'X' 'X' 'X' 'X']
 ['X' 'X' 'X' 'X' 'X' 'X' 'X']
 ['X' 'X' 'X' 'X' 'X' 'X' 'X']
 ['X' 'X' 'X' 'X' 'X' 'X' 'X']]
2026-01-31 16:04:43,894 | INFO | 
[[0. 0. 0. 0. 0. 0. 0.]
 [0. 0. 0. 0. 0. 0. 0.]
 [0. 0. 0. 0. 1. 0. 0.]
 [0. 0. 0. 0. 0. 0. 0.]
 [0. 0. 0. 0. 0. 0. 0.]
 [0. 0. 0. 0. 0. 0. 0.]
 [0. 0. 0. 0. 0. 0. 0.]]
2026-01-31 16:04:43,895 | INFO | 
[['X' 'X' 'X' 'X' 'X' 'X' 'X']
 ['X' 'X' 'X' 'X' 'X' 'X' 'X']
 ['X' 'X' 'X' 'X' 'X' 'X' 'X']
 ['X' 'X' 'X' 'X' 'X' 'X' 'X']
 ['X' 'X' 'X' 'X' 'X' 'X' 'X']
 ['X' 'X' 'X' 'X' 'X' 'X' 'X']
 ['X' 'X' 'X' 'X' 'X' 'X' 'X']]
2026-01-31 16:04:48,627 | INFO | 
[[0. 0. 0. 0. 0. 0. 0.]
 [0. 0. 0. 0. 0. 0. 0.]
 [0. 0. 0. 0. 1. 0. 0.]
 [0. 0. 0. 0. 0. 0. 0.]
 [0. 0. 0. 0. 0. 0. 0.]
 [0. 0. 0. 0. 0. 0. 0.]
 [0. 0. 0. 0. 0. 0. 0.]]
2026-01-31 16:04:48,627 | INFO | 
[['X' 'X' 'X' 'X' 'X' 'X' 'X']
 ['X' 'X' 'X' 'X' 'X' 'X' 'X']
 ['X' 'X' 'X' 'X' 'X' 'X' 'X']
 ['X' 'X' 'X' 'X' 'X' 'X' 'X']
 ['X' 'X' 'X' 'X' 'X' 'X' 'X']
 ['X' 'X' 'X' 'X' 'X' 'X' 'X']
 ['X' 'X' 'X' 'X' 'X' 'X' 'X']]
2026-01-31 16:04:49,216 | INFO | 
[[0. 0. 0. 0. 0. 0. 0.]
 [0. 0. 0. 0. 0. 0. 0.]
 [0. 0. 0. 0. 1. 0. 0.]
 [0. 0. 0. 0. 0. 0. 0.]
 [0. 0. 0. 0. 0. 0. 0.]
 [0. 0. 0. 0. 0. 0. 0.]
 [0. 0. 0. 0. 0. 0. 0.]]
2026-01-31 16:04:49,217 | INFO | 
[['X' 'X' 'X' 'X' 'X' 'X' 'X']
 ['X' 'X' 'X' 'X' 'X' 'X' 'X']
 ['X' 'X' 'X' 'X' 'X' 'X' 'X']
 ['X' 'X' 'X' 'X' 'X' 'X' 'X']
 ['X' 'X' 'X' 'X' 'X' 'X' 'X']
 ['X' 'X' 'X' 'X' 'X' 'X' 'X']
 ['X' 'X' 'X' 'X' 'X' 'X' 'X']]
2026-01-31 16:04:49,504 | INFO | 
[[0. 0. 0. 0. 0. 0. 0.]
 [0. 0. 0. 0. 0. 0. 0.]
 [0. 0. 0. 0. 1. 0. 0.]
 [0. 0. 0. 0. 0. 0. 0.]
 [0. 0. 0. 0. 0. 0. 0.]
 [0. 0. 0. 0. 0. 0. 0.]
 [0. 0. 0. 0. 0. 0. 0.]]
2026-01-31 16:04:49,505 | INFO | 
[['X' 'X' 'X' 'X' 'X' 'X' 'X']
 ['X' 'X' 'X' 'X' 'X' 'X' 'X']
 ['X' 'X' 'X' 'X' 'X' 'X' 'X']
 ['X' 'X' 'X' 'X' 'X' 'X' 'X']
 ['X' 'X' 'X' 'X' 'X' 'X' 'X']
 ['X' 'X' 'X' 'X' 'X' 'X' 'X']
 ['X' 'X' 'X' 'X' 'X' 'X' 'X']]
2026-01-31 16:04:49,730 | INFO | 
[[0. 0. 0. 0. 0. 0. 0.]
 [0. 0. 0. 0. 0. 0. 0.]
 [0. 0. 0. 0. 1. 0. 0.]
 [0. 0. 0. 0. 0. 0. 0.]
 [0. 0. 0. 0. 0. 0. 0.]
 [0. 0. 0. 0. 0. 0. 0.]
 [0. 0. 0. 0. 0. 0. 0.]]
2026-01-31 16:04:49,731 | INFO | 
[['X' 'X' 'X' 'X' 'X' 'X' 'X']
 ['X' 'X' 'X' 'X' 'X' 'X' 'X']
 ['X' 'X' 'X' 'X' 'X' 'X' 'X']
 ['X' 'X' 'X' 'X' 'X' 'X' 'X']
 ['X' 'X' 'X' 'X' 'X' 'X' 'X']
 ['X' 'X' 'X' 'X' 'X' 'X' 'X']
 ['X' 'X' 'X' 'X' 'X' 'X' 'X']]
2026-01-31 16:04:50,189 | INFO | 
[[0. 0. 0. 0. 0. 0. 0.]
 [0. 0. 0. 0. 0. 0. 0.]
 [0. 0. 0. 0. 1. 0. 0.]
 [0. 0. 0. 0. 0. 0. 0.]
 [0. 0. 0. 0. 0. 0. 0.]
 [0. 0. 0. 0. 0. 0. 0.]
 [0. 0. 0. 0. 0. 0. 0.]]
2026-01-31 16:04:50,190 | INFO | 
[['X' 'X' 'X' 'X' 'X' 'X' 'X']
 ['X' 'X' 'X' 'X' 'X' 'X' 'X']
 ['X' 'X' 'X' 'X' 'X' 'X' 'X']
 ['X' 'X' 'X' 'X' 'X' 'X' 'X']
 ['X' 'X' 'X' 'X' 'X' 'X' 'X']
 ['X' 'X' 'X' 'X' 'X' 'X' 'X']
 ['X' 'X' 'X' 'X' 'X' 'X' 'X']]
2026-01-31 16:04:51,043 | INFO | 
[[0. 0. 0. 0. 0. 0. 0.]
 [0. 0. 0. 0. 0. 0. 0.]
 [0. 0. 0. 0. 1. 0. 0.]
 [0. 0. 0. 0. 0. 0. 0.]
 [0. 0. 0. 0. 0. 0. 0.]
 [0. 0. 0. 0. 0. 0. 0.]
 [0. 0. 0. 0. 0. 0. 0.]]
2026-01-31 16:04:51,043 | INFO | 
[['X' 'X' 'X' 'X' 'X' 'X' 'X']
 ['X' 'X' 'X' 'X' 'X' 'X' 'X']
 ['X' 'X' 'X' 'X' 'X' 'X' 'X']
 ['X' 'X' 'X' 'X' 'X' 'X' 'X']
 ['X' 'X' 'X' 'X' 'X' 'X' 'X']
 ['X' 'X' 'X' 'X' 'X' 'X' 'X']
 ['X' 'X' 'X' 'X' 'X' 'X' 'X']]
2026-01-31 16:04:51,996 | INFO | 
[[0. 0. 0. 0. 0. 0. 0.]
 [0. 0. 0. 0. 0. 0. 0.]
 [0. 0. 0. 0. 1. 0. 0.]
 [0. 0. 0. 0. 0. 0. 0.]
 [0. 0. 0. 0. 0. 0. 0.]
 [0. 0. 0. 0. 0. 0. 0.]
 [0. 0. 0. 0. 0. 0. 0.]]
2026-01-31 16:04:51,997 | INFO | 
[['X' 'X' 'X' 'X' 'X' 'X' 'X']
 ['X' 'X' 'X' 'X' 'X' 'X' 'X']
 ['X' 'X' 'X' 'X' 'X' 'X' 'X']
 ['X' 'X' 'X' 'X' 'X' 'X' 'X']
 ['X' 'X' 'X' 'X' 'X' 'X' 'X']
 ['X' 'X' 'X' 'X' 'X' 'X' 'X']
 ['X' 'X' 'X' 'X' 'X' 'X' 'X']]
2026-01-31 16:05:07,972 | INFO | 
[[0. 0. 0. 0. 0. 0. 0.]
 [0. 0. 0. 0. 0. 0. 0.]
 [0. 0. 0. 0. 1. 0. 0.]
 [0. 0. 0. 0. 0. 0. 0.]
 [0. 0. 0. 0. 0. 0. 0.]
 [0. 0. 0. 0. 0. 0. 0.]
 [0. 0. 0. 0. 0. 0. 0.]]
2026-01-31 16:05:07,973 | INFO | 
[['X' 'X' 'X' 'X' 'X' 'X' 'X']
 ['X' 'X' 'X' 'X' 'X' 'X' 'X']
 ['X' 'X' 'X' 'X' 'X' 'X' 'X']
 ['X' 'X' 'X' 'X' 'X' 'X' 'X']
 ['X' 'X' 'X' 'X' 'X' 'X' 'X']
 ['X' 'X' 'X' 'X' 'X' 'X' 'X']
 ['X' 'X' 'X' 'X' 'X' 'X' 'X']]
2026-01-31 16:05:11,484 | INFO | 
[[0. 0. 0. 0. 0. 0. 0.]
 [0. 0. 0. 0. 0. 0. 0.]
 [0. 0. 0. 0. 1. 0. 0.]
 [0. 0. 0. 0. 0. 0. 0.]
 [0. 0. 0. 0. 0. 0. 0.]
 [0. 0. 0. 0. 0. 0. 0.]
 [0. 0. 0. 0. 0. 0. 0.]]
2026-01-31 16:05:11,485 | INFO | 
[['X' 'X' 'X' 'X' 'X' 'X' 'X']
 ['X' 'X' 'X' 'X' 'X' 'X' 'X']
 ['X' 'X' 'X' 'X' 'X' 'X' 'X']
 ['X' 'X' 'X' 'X' 'X' 'X' 'X']
 ['X' 'X' 'X' 'X' 'X' 'X' 'X']
 ['X' 'X' 'X' 'X' 'X' 'X' 'X']
 ['X' 'X' 'X' 'X' 'X' 'X' 'X']]
2026-01-31 16:05:12,314 | INFO | 
[[0. 0. 0. 0. 0. 0. 0.]
 [0. 0. 0. 0. 0. 0. 0.]
 [0. 0. 0. 0. 1. 0. 0.]
 [0. 0. 0. 0. 0. 0. 0.]
 [0. 0. 0. 0. 0. 0. 0.]
 [0. 0. 0. 0. 0. 0. 0.]
 [0. 0. 0. 0. 0. 0. 0.]]
2026-01-31 16:05:12,315 | INFO | 
[['X' 'X' 'X' 'X' 'X' 'X' 'X']
 ['X' 'X' 'X' 'X' 'X' 'X' 'X']
 ['X' 'X' 'X' 'X' 'X' 'X' 'X']
 ['X' 'X' 'X' 'X' 'X' 'X' 'X']
 ['X' 'X' 'X' 'X' 'X' 'X' 'X']
 ['X' 'X' 'X' 'X' 'X' 'X' 'X']
 ['X' 'X' 'X' 'X' 'X' 'X' 'X']]
2026-01-31 16:05:12,668 | INFO | 
[[0. 0. 0. 0. 0. 0. 0.]
 [0. 0. 0. 0. 0. 0. 0.]
 [0. 0. 0. 0. 1. 0. 0.]
 [0. 0. 0. 0. 0. 0. 0.]
 [0. 0. 0. 0. 0. 0. 0.]
 [0. 0. 0. 0. 0. 0. 0.]
 [0. 0. 0. 0. 0. 0. 0.]]
2026-01-31 16:05:12,668 | INFO | 
[['X' 'X' 'X' 'X' 'X' 'X' 'X']
 ['X' 'X' 'X' 'X' 'X' 'X' 'X']
 ['X' 'X' 'X' 'X' 'X' 'X' 'X']
 ['X' 'X' 'X' 'X' 'X' 'X' 'X']
 ['X' 'X' 'X' 'X' 'X' 'X' 'X']
 ['X' 'X' 'X' 'X' 'X' 'X' 'X']
 ['X' 'X' 'X' 'X' 'X' 'X' 'X']]
2026-01-31 16:05:13,381 | INFO | 
[[0. 0. 0. 0. 0. 0. 0.]
 [0. 0. 0. 0. 0. 0. 0.]
 [0. 0. 0. 0. 1. 0. 0.]
 [0. 0. 0. 0. 0. 0. 0.]
 [0. 0. 0. 0. 0. 0. 0.]
 [0. 0. 0. 0. 0. 0. 0.]
 [0. 0. 0. 0. 0. 0. 0.]]
2026-01-31 16:05:13,382 | INFO | 
[['X' 'X' 'X' 'X' 'X' 'X' 'X']
 ['X' 'X' 'X' 'X' 'X' 'X' 'X']
 ['X' 'X' 'X' 'X' 'X' 'X' 'X']
 ['X' 'X' 'X' 'X' 'X' 'X' 'X']
 ['X' 'X' 'X' 'X' 'X' 'X' 'X']
 ['X' 'X' 'X' 'X' 'X' 'X' 'X']
 ['X' 'X' 'X' 'X' 'X' 'X' 'X']]
2026-01-31 16:05:13,723 | INFO | 
[[0. 0. 0. 0. 0. 0. 0.]
 [0. 0. 0. 0. 0. 0. 0.]
 [0. 0. 0. 0. 1. 0. 0.]
 [0. 0. 0. 0. 0. 0. 0.]
 [0. 0. 0. 0. 0. 0. 0.]
 [0. 0. 0. 0. 0. 0. 0.]
 [0. 0. 0. 0. 0. 0. 0.]]
2026-01-31 16:05:13,724 | INFO | 
[['X' 'X' 'X' 'X' 'X' 'X' 'X']
 ['X' 'X' 'X' 'X' 'X' 'X' 'X']
 ['X' 'X' 'X' 'X' 'X' 'X' 'X']
 ['X' 'X' 'X' 'X' 'X' 'X' 'X']
 ['X' 'X' 'X' 'X' 'X' 'X' 'X']
 ['X' 'X' 'X' 'X' 'X' 'X' 'X']
 ['X' 'X' 'X' 'X' 'X' 'X' 'X']]
2026-01-31 16:05:14,983 | INFO | 
[[0. 0. 0. 0. 0. 0. 0.]
 [0. 0. 0. 0. 0. 0. 0.]
 [0. 0. 0. 0. 1. 0. 0.]
 [0. 0. 0. 0. 0. 0. 0.]
 [0. 0. 0. 0. 0. 0. 0.]
 [0. 0. 0. 0. 0. 0. 0.]
 [0. 0. 0. 0. 0. 0. 0.]]
2026-01-31 16:05:14,984 | INFO | 
[['X' 'X' 'X' 'X' 'X' 'X' 'X']
 ['X' 'X' 'X' 'X' 'X' 'X' 'X']
 ['X' 'X' 'X' 'X' 'X' 'X' 'X']
 ['X' 'X' 'X' 'X' 'X' 'X' 'X']
 ['X' 'X' 'X' 'X' 'X' 'X' 'X']
 ['X' 'X' 'X' 'X' 'X' 'X' 'X']
 ['X' 'X' 'X' 'X' 'X' 'X' 'X']]
2026-01-31 16:05:15,712 | INFO | 
[[0. 0. 0. 0. 0. 0. 0.]
 [0. 0. 0. 0. 0. 0. 0.]
 [0. 0. 0. 0. 1. 0. 0.]
 [0. 0. 0. 0. 0. 0. 0.]
 [0. 0. 0. 0. 0. 0. 0.]
 [0. 0. 0. 0. 0. 0. 0.]
 [0. 0. 0. 0. 0. 0. 0.]]
2026-01-31 16:05:15,713 | INFO | 
[['X' 'X' 'X' 'X' 'X' 'X' 'X']
 ['X' 'X' 'X' 'X' 'X' 'X' 'X']
 ['X' 'X' 'X' 'X' 'X' 'X' 'X']
 ['X' 'X' 'X' 'X' 'X' 'X' 'X']
 ['X' 'X' 'X' 'X' 'X' 'X' 'X']
 ['X' 'X' 'X' 'X' 'X' 'X' 'X']
 ['X' 'X' 'X' 'X' 'X' 'X' 'X']]
2026-01-31 16:05:16,104 | INFO | 
[[0. 0. 0. 0. 0. 0. 0.]
 [0. 0. 0. 0. 0. 0. 0.]
 [0. 0. 0. 0. 1. 0. 0.]
 [0. 0. 0. 0. 0. 0. 0.]
 [0. 0. 0. 0. 0. 0. 0.]
 [0. 0. 0. 0. 0. 0. 0.]
 [0. 0. 0. 0. 0. 0. 0.]]
2026-01-31 16:05:16,105 | INFO | 
[['X' 'X' 'X' 'X' 'X' 'X' 'X']
 ['X' 'X' 'X' 'X' 'X' 'X' 'X']
 ['X' 'X' 'X' 'X' 'X' 'X' 'X']
 ['X' 'X' 'X' 'X' 'X' 'X' 'X']
 ['X' 'X' 'X' 'X' 'X' 'X' 'X']
 ['X' 'X' 'X' 'X' 'X' 'X' 'X']
 ['X' 'X' 'X' 'X' 'X' 'X' 'X']]
2026-01-31 16:05:29,936 | INFO | Using game instance: python_gomuko
2026-01-31 16:05:31,212 | INFO | You are playing as 0
2026-01-31 16:05:31,214 | INFO | 
[[0. 0. 0. 0. 0. 0. 0.]
 [0. 0. 0. 0. 0. 0. 0.]
 [0. 0. 0. 0. 1. 0. 0.]
 [0. 0. 0. 0. 0. 0. 0.]
 [0. 0. 0. 0. 0. 0. 0.]
 [0. 0. 0. 0. 0. 0. 0.]
 [0. 0. 0. 0. 0. 0. 0.]]
2026-01-31 16:05:31,215 | INFO | 
[['X' 'X' 'X' 'X' 'X' 'X' 'X']
 ['X' 'X' 'X' 'X' 'X' 'X' 'X']
 ['X' 'X' 'X' 'X' 'X' 'X' 'X']
 ['X' 'X' 'X' 'X' 'X' 'X' 'X']
 ['X' 'X' 'X' 'X' 'X' 'X' 'X']
 ['X' 'X' 'X' 'X' 'X' 'X' 'X']
 ['X' 'X' 'X' 'X' 'X' 'X' 'X']]
Using game instance: python_gomuko
You are playing as 0

[[0. 0. 0. 0. 0. 0. 0.]
 [0. 0. 0. 0. 0. 0. 0.]
 [0. 0. 0. 0. 1. 0. 0.]
 [0. 0. 0. 0. 0. 0. 0.]
 [0. 0. 0. 0. 0. 0. 0.]
 [0. 0. 0. 0. 0. 0. 0.]
 [0. 0. 0. 0. 0. 0. 0.]]

[['X' 'X' 'X' 'X' 'X' 'X' 'X']
 ['X' 'X' 'X' 'X' 'X' 'X' 'X']
 ['X' 'X' 'X' 'X' 'X' 'X' 'X']
 ['X' 'X' 'X' 'X' 'X' 'X' 'X']
 ['X' 'X' 'X' 'X' 'X' 'X' 'X']
 ['X' 'X' 'X' 'X' 'X' 'X' 'X']
 ['X' 'X' 'X' 'X' 'X' 'X' 'X']]
Using game instance: python_gomuko
You are playing as 0

[[0. 0. 0. 0. 0. 0. 0.]
 [0. 0. 0. 0. 0. 0. 0.]
 [0. 0. 0. 0. 1. 0. 0.]
 [0. 0. 0. 0. 0. 0. 0.]
 [0. 0. 0. 0. 0. 0. 0.]
 [0. 0. 0. 0. 0. 0. 0.]
 [0. 0. 0. 0. 0. 0. 0.]]
Using game instance: python_gomuko
You are playing as 0

[[0. 0. 0. 0. 0. 0. 0.]
 [0. 0. 0. 0. 0. 0. 0.]
 [0. 0. 0. 0. 1. 0. 0.]
 [0. 0. 0. 0. 0. 0. 0.]
 [0. 0. 0. 0. 0. 0. 0.]
 [0. 0. 0. 0. 0. 0. 0.]
 [0. 0. 0. 0. 0. 0. 0.]]

None
Using game instance: python_gomuko
You are playing as 0

[[0. 0. 0. 0. 0. 0. 0.]
 [0. 0. 0. 0. 0. 0. 0.]
 [0. 0. 0. 0. 1. 0. 0.]
 [0. 0. 0. 0. 0. 0. 0.]
 [0. 0. 0. 0. 0. 0. 0.]
 [0. 0. 0. 0. 0. 0. 0.]
 [0. 0. 0. 0. 0. 0. 0.]]

[['X' 'X' 'X' 'X' 'X' 'X' 'X']
 ['X' 'X' 'X' 'X' 'X' 'X' 'X']
 ['X' 'X' 'X' 'X' 'X' 'X' 'X']
 ['X' 'X' 'X' 'X' 'X' 'X' 'X']
 ['X' 'X' 'X' 'X' 'X' 'X' 'X']
 ['X' 'X' 'X' 'X' 'X' 'X' 'X']
 ['X' 'X' 'X' 'X' 'X' 'X' 'X']]
Using game instance: python_gomuko
You are playing as 0

[[0. 0. 0. 0. 0. 0. 0.]
 [0. 0. 0. 0. 0. 0. 0.]
 [0. 0. 0. 0. 1. 0. 0.]
 [0. 0. 0. 0. 0. 0. 0.]
 [0. 0. 0. 0. 0. 0. 0.]
 [0. 0. 0. 0. 0. 0. 0.]
 [0. 0. 0. 0. 0. 0. 0.]]

[['.' '.' '.' '.' '.' '.' '.']
 ['.' '.' '.' '.' '.' '.' '.']
 ['.' '.' '.' '.' '.' '.' '.']
 ['.' '.' '.' '.' '.' '.' '.']
 ['.' '.' '.' '.' '.' '.' '.']
 ['.' '.' '.' '.' '.' '.' '.']
 ['.' '.' '.' '.' '.' '.' '.']]

[[0. 0. 0. 0. 0. 0. 0.]
 [0. 0. 0. 0. 0. 0. 0.]
 [0. 0. 0. 0. 1. 0. 0.]
 [0. 0. 0. 0. 0. 0. 0.]
 [0. 0. 0. 0. 0. 0. 0.]
 [0. 0. 0. 0. 0. 0. 0.]
 [0. 0. 0. 0. 0. 0. 0.]]

[['.' '.' '.' '.' '.' '.' '.']
 ['.' '.' '.' '.' '.' '.' '.']
 ['.' '.' '.' '.' '.' '.' '.']
 ['.' '.' '.' '.' '.' '.' '.']
 ['.' '.' '.' '.' '.' '.' '.']
 ['.' '.' '.' '.' '.' '.' '.']
 ['.' '.' '.' '.' '.' '.' '.']]
Using game instance: python_gomuko
You are playing as 0

[[0. 0. 0. 0. 0. 0. 0.]
 [0. 0. 0. 0. 0. 0. 0.]
 [0. 0. 0. 0. 1. 0. 0.]
 [0. 0. 0. 0. 0. 0. 0.]
 [0. 0. 0. 0. 0. 0. 0.]
 [0. 0. 0. 0. 0. 0. 0.]
 [0. 0. 0. 0. 0. 0. 0.]]

[['.' '.' '.' '.' '.' '.' '.']
 ['.' '.' '.' '.' '.' '.' '.']
 ['.' '.' '.' '.' '.' '.' '.']
 ['.' '.' '.' '.' '.' '.' '.']
 ['.' '.' '.' '.' '.' '.' '.']
 ['.' '.' '.' '.' '.' '.' '.']
 ['.' '.' '.' '.' '.' '.' '.']]
Using game instance: python_gomuko
You are playing as 0

[[0. 0. 0. 0. 0. 0. 0.]
 [0. 0. 0. 0. 0. 0. 0.]
 [0. 0. 0. 0. 1. 0. 0.]
 [0. 0. 0. 0. 0. 0. 0.]
 [0. 0. 0. 0. 0. 0. 0.]
 [0. 0. 0. 0. 0. 0. 0.]
 [0. 0. 0. 0. 0. 0. 0.]]

[['.' '.' '.' '.' '.' '.' '.']
 ['.' '.' '.' '.' '.' '.' '.']
 ['.' '.' '.' '.' '.' '.' '.']
 ['.' '.' '.' '.' '.' '.' '.']
 ['.' '.' '.' '.' '.' '.' '.']
 ['.' '.' '.' '.' '.' '.' '.']
 ['.' '.' '.' '.' '.' '.' '.']]
Using game instance: python_gomuko
You are playing as 0
Using game instance: python_gomuko
You are playing as 0
Using game instance: python_gomuko
You are playing as X
Using game instance: python_gomuko
You are playing as X

[['.' '.' '.' '.' '.' '.' '.']
 ['.' '.' '.' '.' '.' '.' '.']
 ['.' '.' '.' '.' 'O' '.' '.']
 ['.' '.' '.' '.' '.' '.' '.']
 ['.' '.' '.' '.' '.' '.' '.']
 ['.' '.' '.' '.' '.' '.' '.']
 ['.' '.' '.' '.' '.' '.' '.']]

[['.' '.' '.' '.' '.' '.' '.']
 ['.' '.' '.' '.' 'X' '.' '.']
 ['.' '.' '.' '.' 'O' '.' '.']
 ['.' '.' '.' '.' '.' '.' '.']
 ['.' '.' '.' '.' '.' '.' '.']
 ['.' '.' '.' '.' '.' '.' '.']
 ['.' '.' '.' '.' '.' '.' '.']]

[['.' '.' '.' '.' '.' '.' '.']
 ['.' '.' '.' '.' 'X' '.' '.']
 ['.' '.' 'O' '.' 'O' '.' '.']
 ['.' '.' '.' '.' '.' '.' '.']
 ['.' '.' '.' '.' '.' '.' '.']
 ['.' '.' '.' '.' '.' '.' '.']
 ['.' '.' '.' '.' '.' '.' '.']]

[['.' '.' '.' '.' '.' '.' '.']
 ['.' '.' '.' 'X' 'X' '.' '.']
 ['.' '.' 'O' '.' 'O' '.' '.']
 ['.' '.' '.' '.' '.' '.' '.']
 ['.' '.' '.' '.' '.' '.' '.']
 ['.' '.' '.' '.' '.' '.' '.']
 ['.' '.' '.' '.' '.' '.' '.']]

[['.' '.' '.' '.' '.' '.' '.']
 ['.' '.' '.' 'X' 'X' '.' '.']
 ['.' '.' 'O' '.' 'O' '.' '.']
 ['.' '.' '.' 'O' '.' '.' '.']
 ['.' '.' '.' '.' '.' '.' '.']
 ['.' '.' '.' '.' '.' '.' '.']
 ['.' '.' '.' '.' '.' '.' '.']]

[['.' '.' '.' '.' '.' '.' '.']
 ['.' '.' 'X' 'X' 'X' '.' '.']
 ['.' '.' 'O' '.' 'O' '.' '.']
 ['.' '.' '.' 'O' '.' '.' '.']
 ['.' '.' '.' '.' '.' '.' '.']
 ['.' '.' '.' '.' '.' '.' '.']
 ['.' '.' '.' '.' '.' '.' '.']]

[['.' '.' '.' '.' '.' '.' '.']
 ['.' '.' 'X' 'X' 'X' '.' '.']
 ['.' '.' 'O' '.' 'O' '.' '.']
 ['.' '.' '.' 'O' '.' '.' '.']
 ['.' '.' '.' '.' '.' '.' '.']
 ['.' '.' '.' '.' '.' '.' '.']
 ['.' '.' '.' '.' '.' '.' '.']]
End of game!
You win
You are playing as X

[['.' '.' '.' '.' '.' '.' '.']
 ['.' '.' '.' '.' '.' '.' '.']
 ['.' '.' '.' '.' 'O' '.' '.']
 ['.' '.' '.' '.' '.' '.' '.']
 ['.' '.' '.' '.' '.' '.' '.']
 ['.' '.' '.' '.' '.' '.' '.']
 ['.' '.' '.' '.' '.' '.' '.']]

[['.' '.' '.' '.' '.' '.' '.']
 ['X' '.' '.' '.' '.' '.' '.']
 ['.' '.' '.' '.' 'O' '.' '.']
 ['.' '.' '.' '.' '.' '.' '.']
 ['.' '.' '.' '.' '.' '.' '.']
 ['.' '.' '.' '.' '.' '.' '.']
 ['.' '.' '.' '.' '.' '.' '.']]

[['.' '.' '.' '.' '.' '.' '.']
 ['X' '.' '.' '.' '.' '.' '.']
 ['.' '.' 'O' '.' 'O' '.' '.']
 ['.' '.' '.' '.' '.' '.' '.']
 ['.' '.' '.' '.' '.' '.' '.']
 ['.' '.' '.' '.' '.' '.' '.']
 ['.' '.' '.' '.' '.' '.' '.']]

[['.' '.' '.' '.' '.' '.' '.']
 ['X' 'X' '.' '.' '.' '.' '.']
 ['.' '.' 'O' '.' 'O' '.' '.']
 ['.' '.' '.' '.' '.' '.' '.']
 ['.' '.' '.' '.' '.' '.' '.']
 ['.' '.' '.' '.' '.' '.' '.']
 ['.' '.' '.' '.' '.' '.' '.']]

[['.' '.' '.' '.' '.' '.' '.']
 ['X' 'X' '.' '.' '.' '.' '.']
 ['.' '.' 'O' '.' 'O' '.' '.']
 ['.' '.' '.' 'O' '.' '.' '.']
 ['.' '.' '.' '.' '.' '.' '.']
 ['.' '.' '.' '.' '.' '.' '.']
 ['.' '.' '.' '.' '.' '.' '.']]

[['.' '.' '.' '.' '.' 'X' '.']
 ['X' 'X' '.' '.' '.' '.' '.']
 ['.' '.' 'O' '.' 'O' '.' '.']
 ['.' '.' '.' 'O' '.' '.' '.']
 ['.' '.' '.' '.' '.' '.' '.']
 ['.' '.' '.' '.' '.' '.' '.']
 ['.' '.' '.' '.' '.' '.' '.']]

[['.' '.' '.' '.' '.' 'X' '.']
 ['X' 'X' '.' '.' '.' '.' '.']
 ['.' 'O' 'O' '.' 'O' '.' '.']
 ['.' '.' '.' 'O' '.' '.' '.']
 ['.' '.' '.' '.' '.' '.' '.']
 ['.' '.' '.' '.' '.' '.' '.']
 ['.' '.' '.' '.' '.' '.' '.']]

[['.' 'X' '.' '.' '.' 'X' '.']
 ['X' 'X' '.' '.' '.' '.' '.']
 ['.' 'O' 'O' '.' 'O' '.' '.']
 ['.' '.' '.' 'O' '.' '.' '.']
 ['.' '.' '.' '.' '.' '.' '.']
 ['.' '.' '.' '.' '.' '.' '.']
 ['.' '.' '.' '.' '.' '.' '.']]

[['.' 'X' '.' '.' '.' 'X' '.']
 ['X' 'X' '.' '.' '.' '.' '.']
 ['.' 'O' 'O' 'O' 'O' '.' '.']
 ['.' '.' '.' 'O' '.' '.' '.']
 ['.' '.' '.' '.' '.' '.' '.']
 ['.' '.' '.' '.' '.' '.' '.']
 ['.' '.' '.' '.' '.' '.' '.']]

[['.' 'X' '.' '.' '.' 'X' '.']
 ['X' 'X' '.' '.' '.' '.' '.']
 ['.' 'O' 'O' 'O' 'O' '.' '.']
 ['.' '.' '.' 'O' '.' '.' '.']
 ['.' '.' '.' '.' '.' '.' '.']
 ['.' '.' '.' '.' '.' '.' '.']
 ['.' '.' '.' '.' '.' '.' '.']]
End of game!
You lose
You are playing as X

[['.' '.' '.' '.' '.' '.' '.']
 ['.' '.' '.' '.' '.' '.' '.']
 ['.' '.' '.' '.' 'O' '.' '.']
 ['.' '.' '.' '.' '.' '.' '.']
 ['.' '.' '.' '.' '.' '.' '.']
 ['.' '.' '.' '.' '.' '.' '.']
 ['.' '.' '.' '.' '.' '.' '.']]

[['.' 'X' '.' '.' '.' '.' '.']
 ['.' '.' '.' '.' '.' '.' '.']
 ['.' '.' '.' '.' 'O' '.' '.']
 ['.' '.' '.' '.' '.' '.' '.']
 ['.' '.' '.' '.' '.' '.' '.']
 ['.' '.' '.' '.' '.' '.' '.']
 ['.' '.' '.' '.' '.' '.' '.']]

[['.' 'X' '.' '.' '.' '.' '.']
 ['.' '.' '.' '.' '.' '.' '.']
 ['.' '.' 'O' '.' 'O' '.' '.']
 ['.' '.' '.' '.' '.' '.' '.']
 ['.' '.' '.' '.' '.' '.' '.']
 ['.' '.' '.' '.' '.' '.' '.']
 ['.' '.' '.' '.' '.' '.' '.']]

[['.' 'X' 'X' '.' '.' '.' '.']
 ['.' '.' '.' '.' '.' '.' '.']
 ['.' '.' 'O' '.' 'O' '.' '.']
 ['.' '.' '.' '.' '.' '.' '.']
 ['.' '.' '.' '.' '.' '.' '.']
 ['.' '.' '.' '.' '.' '.' '.']
 ['.' '.' '.' '.' '.' '.' '.']]

[['.' 'X' 'X' '.' '.' '.' '.']
 ['.' '.' '.' '.' '.' '.' '.']
 ['.' 'O' 'O' '.' 'O' '.' '.']
 ['.' '.' '.' '.' '.' '.' '.']
 ['.' '.' '.' '.' '.' '.' '.']
 ['.' '.' '.' '.' '.' '.' '.']
 ['.' '.' '.' '.' '.' '.' '.']]

[['.' 'X' 'X' 'X' '.' '.' '.']
 ['.' '.' '.' '.' '.' '.' '.']
 ['.' 'O' 'O' '.' 'O' '.' '.']
 ['.' '.' '.' '.' '.' '.' '.']
 ['.' '.' '.' '.' '.' '.' '.']
 ['.' '.' '.' '.' '.' '.' '.']
 ['.' '.' '.' '.' '.' '.' '.']]

[['.' 'X' 'X' 'X' '.' '.' '.']
 ['.' '.' '.' '.' '.' '.' '.']
 ['.' 'O' 'O' '.' 'O' '.' '.']
 ['.' '.' '.' '.' '.' '.' '.']
 ['.' '.' '.' '.' '.' '.' '.']
 ['.' '.' '.' '.' '.' '.' '.']
 ['.' '.' '.' '.' '.' '.' '.']]
End of game!
You win
You are playing as X

[['.' '.' '.' '.' '.' '.' '.']
 ['.' '.' '.' '.' '.' '.' '.']
 ['.' '.' '.' '.' 'O' '.' '.']
 ['.' '.' '.' '.' '.' '.' '.']
 ['.' '.' '.' '.' '.' '.' '.']
 ['.' '.' '.' '.' '.' '.' '.']
 ['.' '.' '.' '.' '.' '.' '.']]

[['.' '.' '.' '.' 'X' '.' '.']
 ['.' '.' '.' '.' '.' '.' '.']
 ['.' '.' '.' '.' 'O' '.' '.']
 ['.' '.' '.' '.' '.' '.' '.']
 ['.' '.' '.' '.' '.' '.' '.']
 ['.' '.' '.' '.' '.' '.' '.']
 ['.' '.' '.' '.' '.' '.' '.']]

[['.' '.' '.' '.' 'X' '.' '.']
 ['.' '.' '.' '.' '.' '.' '.']
 ['.' '.' 'O' '.' 'O' '.' '.']
 ['.' '.' '.' '.' '.' '.' '.']
 ['.' '.' '.' '.' '.' '.' '.']
 ['.' '.' '.' '.' '.' '.' '.']
 ['.' '.' '.' '.' '.' '.' '.']]

[['.' '.' '.' '.' 'X' '.' 'X']
 ['.' '.' '.' '.' '.' '.' '.']
 ['.' '.' 'O' '.' 'O' '.' '.']
 ['.' '.' '.' '.' '.' '.' '.']
 ['.' '.' '.' '.' '.' '.' '.']
 ['.' '.' '.' '.' '.' '.' '.']
 ['.' '.' '.' '.' '.' '.' '.']]

[['.' '.' '.' '.' 'X' '.' 'X']
 ['.' '.' '.' '.' '.' '.' '.']
 ['.' 'O' 'O' '.' 'O' '.' '.']
 ['.' '.' '.' '.' '.' '.' '.']
 ['.' '.' '.' '.' '.' '.' '.']
 ['.' '.' '.' '.' '.' '.' '.']
 ['.' '.' '.' '.' '.' '.' '.']]

[['.' '.' '.' '.' 'X' '.' 'X']
 ['.' 'X' '.' '.' '.' '.' '.']
 ['.' 'O' 'O' '.' 'O' '.' '.']
 ['.' '.' '.' '.' '.' '.' '.']
 ['.' '.' '.' '.' '.' '.' '.']
 ['.' '.' '.' '.' '.' '.' '.']
 ['.' '.' '.' '.' '.' '.' '.']]

[['.' '.' '.' '.' 'X' '.' 'X']
 ['.' 'X' '.' '.' '.' '.' '.']
 ['.' 'O' 'O' '.' 'O' '.' '.']
 ['.' '.' '.' 'O' '.' '.' '.']
 ['.' '.' '.' '.' '.' '.' '.']
 ['.' '.' '.' '.' '.' '.' '.']
 ['.' '.' '.' '.' '.' '.' '.']]

[['.' 'X' '.' '.' 'X' '.' 'X']
 ['.' 'X' '.' '.' '.' '.' '.']
 ['.' 'O' 'O' '.' 'O' '.' '.']
 ['.' '.' '.' 'O' '.' '.' '.']
 ['.' '.' '.' '.' '.' '.' '.']
 ['.' '.' '.' '.' '.' '.' '.']
 ['.' '.' '.' '.' '.' '.' '.']]

[['.' 'X' '.' '.' 'X' '.' 'X']
 ['.' 'X' '.' '.' '.' '.' '.']
 ['.' 'O' 'O' 'O' 'O' '.' '.']
 ['.' '.' '.' 'O' '.' '.' '.']
 ['.' '.' '.' '.' '.' '.' '.']
 ['.' '.' '.' '.' '.' '.' '.']
 ['.' '.' '.' '.' '.' '.' '.']]

[['.' 'X' '.' '.' 'X' '.' 'X']
 ['.' 'X' '.' '.' '.' '.' '.']
 ['.' 'O' 'O' 'O' 'O' '.' '.']
 ['.' '.' '.' 'O' '.' '.' '.']
 ['.' '.' '.' '.' '.' '.' '.']
 ['.' '.' '.' '.' '.' '.' '.']
 ['.' '.' '.' '.' '.' '.' '.']]
End of game!
You lose
You are playing as X

[['.' '.' '.' '.' '.' '.' '.']
 ['.' '.' '.' '.' '.' '.' '.']
 ['.' '.' '.' '.' 'O' '.' '.']
 ['.' '.' '.' '.' '.' '.' '.']
 ['.' '.' '.' '.' '.' '.' '.']
 ['.' '.' '.' '.' '.' '.' '.']
 ['.' '.' '.' '.' '.' '.' '.']]

[['.' '.' '.' '.' '.' '.' '.']
 ['.' '.' '.' 'X' '.' '.' '.']
 ['.' '.' '.' '.' 'O' '.' '.']
 ['.' '.' '.' '.' '.' '.' '.']
 ['.' '.' '.' '.' '.' '.' '.']
 ['.' '.' '.' '.' '.' '.' '.']
 ['.' '.' '.' '.' '.' '.' '.']]

[['.' '.' '.' '.' '.' '.' '.']
 ['.' '.' '.' 'X' '.' '.' '.']
 ['.' '.' 'O' '.' 'O' '.' '.']
 ['.' '.' '.' '.' '.' '.' '.']
 ['.' '.' '.' '.' '.' '.' '.']
 ['.' '.' '.' '.' '.' '.' '.']
 ['.' '.' '.' '.' '.' '.' '.']]

[['.' '.' '.' '.' '.' '.' '.']
 ['.' '.' '.' 'X' 'X' '.' '.']
 ['.' '.' 'O' '.' 'O' '.' '.']
 ['.' '.' '.' '.' '.' '.' '.']
 ['.' '.' '.' '.' '.' '.' '.']
 ['.' '.' '.' '.' '.' '.' '.']
 ['.' '.' '.' '.' '.' '.' '.']]

[['.' '.' '.' '.' '.' '.' '.']
 ['.' '.' '.' 'X' 'X' '.' '.']
 ['.' '.' 'O' '.' 'O' '.' '.']
 ['.' '.' '.' 'O' '.' '.' '.']
 ['.' '.' '.' '.' '.' '.' '.']
 ['.' '.' '.' '.' '.' '.' '.']
 ['.' '.' '.' '.' '.' '.' '.']]

[['.' '.' '.' '.' '.' '.' '.']
 ['.' '.' '.' 'X' 'X' '.' '.']
 ['.' '.' 'O' 'X' 'O' '.' '.']
 ['.' '.' '.' 'O' '.' '.' '.']
 ['.' '.' '.' '.' '.' '.' '.']
 ['.' '.' '.' '.' '.' '.' '.']
 ['.' '.' '.' '.' '.' '.' '.']]

[['.' '.' '.' '.' '.' '.' '.']
 ['.' '.' '.' 'X' 'X' '.' '.']
 ['.' '.' 'O' 'X' 'O' '.' '.']
 ['.' '.' '.' 'O' '.' '.' '.']
 ['.' '.' '.' '.' 'O' '.' '.']
 ['.' '.' '.' '.' '.' '.' '.']
 ['.' '.' '.' '.' '.' '.' '.']]

[['.' '.' '.' '.' '.' '.' '.']
 ['.' '.' '.' 'X' 'X' '.' '.']
 ['.' '.' 'O' 'X' 'O' '.' '.']
 ['.' '.' '.' 'O' '.' '.' '.']
 ['.' '.' '.' '.' 'O' '.' '.']
 ['.' '.' '.' '.' '.' '.' '.']
 ['.' '.' '.' '.' '.' '.' '.']]
End of game!
You lose
You are playing as X

[['.' '.' '.' '.' '.' '.' '.']
 ['.' '.' '.' '.' '.' '.' '.']
 ['.' '.' '.' '.' 'O' '.' '.']
 ['.' '.' '.' '.' '.' '.' '.']
 ['.' '.' '.' '.' '.' '.' '.']
 ['.' '.' '.' '.' '.' '.' '.']
 ['.' '.' '.' '.' '.' '.' '.']]

[['.' 'X' '.' '.' '.' '.' '.']
 ['.' '.' '.' '.' '.' '.' '.']
 ['.' '.' '.' '.' 'O' '.' '.']
 ['.' '.' '.' '.' '.' '.' '.']
 ['.' '.' '.' '.' '.' '.' '.']
 ['.' '.' '.' '.' '.' '.' '.']
 ['.' '.' '.' '.' '.' '.' '.']]

[['.' 'X' '.' '.' '.' '.' '.']
 ['.' '.' '.' '.' '.' '.' '.']
 ['.' '.' 'O' '.' 'O' '.' '.']
 ['.' '.' '.' '.' '.' '.' '.']
 ['.' '.' '.' '.' '.' '.' '.']
 ['.' '.' '.' '.' '.' '.' '.']
 ['.' '.' '.' '.' '.' '.' '.']]

[['.' 'X' 'X' '.' '.' '.' '.']
 ['.' '.' '.' '.' '.' '.' '.']
 ['.' '.' 'O' '.' 'O' '.' '.']
 ['.' '.' '.' '.' '.' '.' '.']
 ['.' '.' '.' '.' '.' '.' '.']
 ['.' '.' '.' '.' '.' '.' '.']
 ['.' '.' '.' '.' '.' '.' '.']]

[['.' 'X' 'X' '.' '.' '.' '.']
 ['.' '.' '.' '.' '.' '.' '.']
 ['.' 'O' 'O' '.' 'O' '.' '.']
 ['.' '.' '.' '.' '.' '.' '.']
 ['.' '.' '.' '.' '.' '.' '.']
 ['.' '.' '.' '.' '.' '.' '.']
 ['.' '.' '.' '.' '.' '.' '.']]

[['.' 'X' 'X' 'X' '.' '.' '.']
 ['.' '.' '.' '.' '.' '.' '.']
 ['.' 'O' 'O' '.' 'O' '.' '.']
 ['.' '.' '.' '.' '.' '.' '.']
 ['.' '.' '.' '.' '.' '.' '.']
 ['.' '.' '.' '.' '.' '.' '.']
 ['.' '.' '.' '.' '.' '.' '.']]

[['.' 'X' 'X' 'X' '.' '.' '.']
 ['.' '.' '.' '.' '.' '.' '.']
 ['.' 'O' 'O' '.' 'O' '.' '.']
 ['.' '.' '.' '.' '.' '.' '.']
 ['.' '.' '.' '.' '.' '.' '.']
 ['.' '.' '.' '.' '.' '.' '.']
 ['.' '.' '.' '.' '.' '.' '.']]
End of game!
You win
You are playing as X

[['.' '.' '.' '.' '.' '.' '.']
 ['.' '.' '.' '.' '.' '.' '.']
 ['.' '.' '.' '.' 'O' '.' '.']
 ['.' '.' '.' '.' '.' '.' '.']
 ['.' '.' '.' '.' '.' '.' '.']
 ['.' '.' '.' '.' '.' '.' '.']
 ['.' '.' '.' '.' '.' '.' '.']]
2026-01-31 16:26:10,143 | INFO | Using game instance: python_gomuko
2026-01-31 16:26:19,027 | INFO | [1000/50000] DQN loss: 0.1260516494512558
2026-01-31 16:26:26,898 | INFO | [2000/50000] DQN loss: 0.18398992717266083
2026-01-31 16:26:35,122 | INFO | [3000/50000] DQN loss: 0.13080815970897675
2026-01-31 16:26:43,325 | INFO | [4000/50000] DQN loss: 0.16658607125282288
2026-01-31 16:26:51,627 | INFO | [5000/50000] DQN loss: 0.16584694385528564
2026-01-31 16:26:59,461 | INFO | [6000/50000] DQN loss: 0.13225317001342773
2026-01-31 16:27:07,242 | INFO | [7000/50000] DQN loss: 0.1308966875076294
2026-01-31 16:27:15,250 | INFO | [8000/50000] DQN loss: 0.13826556503772736
2026-01-31 16:27:27,231 | INFO | Using game instance: python_gomuko
2026-01-31 16:27:33,458 | INFO | [1000/200000] DQN 1 loss: 0.1260516494512558
2026-01-31 16:27:33,458 | INFO | [1000/200000] DQN 2 loss: 0.17099662125110626
2026-01-31 16:27:38,492 | INFO | [2000/200000] DQN 1 loss: 0.18398992717266083
2026-01-31 16:27:38,492 | INFO | [2000/200000] DQN 2 loss: 0.11968141794204712
2026-01-31 16:27:54,633 | INFO | [3000/200000] DQN 1 loss: 0.13080815970897675
2026-01-31 16:27:54,634 | INFO | [3000/200000] DQN 2 loss: 0.16651497781276703
2026-01-31 16:28:04,260 | INFO | [4000/200000] DQN 1 loss: 0.16658607125282288
2026-01-31 16:28:04,260 | INFO | [4000/200000] DQN 2 loss: 0.2272246778011322
2026-01-31 16:28:12,165 | INFO | [5000/200000] DQN 1 loss: 0.16584694385528564
2026-01-31 16:28:12,165 | INFO | [5000/200000] DQN 2 loss: 0.201320618391037
2026-01-31 16:28:17,472 | INFO | [6000/200000] DQN 1 loss: 0.13225317001342773
2026-01-31 16:28:17,472 | INFO | [6000/200000] DQN 2 loss: 0.24737967550754547
2026-01-31 16:28:22,645 | INFO | [7000/200000] DQN 1 loss: 0.1308966875076294
2026-01-31 16:28:22,645 | INFO | [7000/200000] DQN 2 loss: 0.10648468136787415
2026-01-31 16:28:27,893 | INFO | [8000/200000] DQN 1 loss: 0.13826556503772736
2026-01-31 16:28:27,893 | INFO | [8000/200000] DQN 2 loss: 0.16075578331947327
2026-01-31 16:28:33,360 | INFO | [9000/200000] DQN 1 loss: 0.12476728856563568
2026-01-31 16:28:33,360 | INFO | [9000/200000] DQN 2 loss: 0.1072172299027443
2026-01-31 16:28:38,210 | INFO | [10000/200000] DQN 1 loss: 0.1557035744190216
2026-01-31 16:28:38,210 | INFO | [10000/200000] DQN 2 loss: 0.12128691375255585
2026-01-31 16:28:43,427 | INFO | [11000/200000] DQN 1 loss: 0.056552935391664505
2026-01-31 16:28:43,427 | INFO | [11000/200000] DQN 2 loss: 0.15386132895946503
2026-01-31 16:28:48,534 | INFO | [12000/200000] DQN 1 loss: 0.12244858592748642
2026-01-31 16:28:48,534 | INFO | [12000/200000] DQN 2 loss: 0.169675812125206
2026-01-31 16:28:53,855 | INFO | [13000/200000] DQN 1 loss: 0.13440345227718353
2026-01-31 16:28:53,856 | INFO | [13000/200000] DQN 2 loss: 0.09511877596378326
2026-01-31 16:28:58,902 | INFO | [14000/200000] DQN 1 loss: 0.17916622757911682
2026-01-31 16:28:58,902 | INFO | [14000/200000] DQN 2 loss: 0.17903879284858704
2026-01-31 16:29:04,594 | INFO | [15000/200000] DQN 1 loss: 0.18299739062786102
2026-01-31 16:29:04,594 | INFO | [15000/200000] DQN 2 loss: 0.20051009953022003
2026-01-31 16:29:09,821 | INFO | [16000/200000] DQN 1 loss: 0.17125703394412994
2026-01-31 16:29:09,821 | INFO | [16000/200000] DQN 2 loss: 0.1690947711467743
2026-01-31 16:29:15,141 | INFO | [17000/200000] DQN 1 loss: 0.17120644450187683
2026-01-31 16:29:15,141 | INFO | [17000/200000] DQN 2 loss: 0.227591872215271
2026-01-31 16:29:20,278 | INFO | [18000/200000] DQN 1 loss: 0.12117581069469452
2026-01-31 16:29:20,278 | INFO | [18000/200000] DQN 2 loss: 0.1784520000219345
2026-01-31 16:29:25,450 | INFO | [19000/200000] DQN 1 loss: 0.09790167212486267
2026-01-31 16:29:25,450 | INFO | [19000/200000] DQN 2 loss: 0.20622973144054413
2026-01-31 16:29:30,388 | INFO | [20000/200000] DQN 1 loss: 0.143689826130867
2026-01-31 16:29:30,388 | INFO | [20000/200000] DQN 2 loss: 0.12711963057518005
2026-01-31 16:29:35,569 | INFO | [21000/200000] DQN 1 loss: 0.14930124580860138
2026-01-31 16:29:35,569 | INFO | [21000/200000] DQN 2 loss: 0.20557288825511932
2026-01-31 16:29:40,924 | INFO | [22000/200000] DQN 1 loss: 0.1071649044752121
2026-01-31 16:29:40,925 | INFO | [22000/200000] DQN 2 loss: 0.13326102495193481
2026-01-31 16:29:46,040 | INFO | [23000/200000] DQN 1 loss: 0.09708870947360992
2026-01-31 16:29:46,040 | INFO | [23000/200000] DQN 2 loss: 0.19331233203411102
2026-01-31 16:29:51,931 | INFO | [24000/200000] DQN 1 loss: 0.169810950756073
2026-01-31 16:29:51,931 | INFO | [24000/200000] DQN 2 loss: 0.16264350712299347
2026-01-31 16:29:57,149 | INFO | [25000/200000] DQN 1 loss: 0.16255910694599152
2026-01-31 16:29:57,150 | INFO | [25000/200000] DQN 2 loss: 0.18710601329803467
2026-01-31 16:30:02,176 | INFO | [26000/200000] DQN 1 loss: 0.15654362738132477
2026-01-31 16:30:02,176 | INFO | [26000/200000] DQN 2 loss: 0.14662398397922516
2026-01-31 16:30:07,341 | INFO | [27000/200000] DQN 1 loss: 0.11477873474359512
2026-01-31 16:30:07,341 | INFO | [27000/200000] DQN 2 loss: 0.1611095368862152
2026-01-31 16:30:12,162 | INFO | [28000/200000] DQN 1 loss: 0.10036870092153549
2026-01-31 16:30:12,162 | INFO | [28000/200000] DQN 2 loss: 0.11072442680597305
2026-01-31 16:30:17,548 | INFO | [29000/200000] DQN 1 loss: 0.13693219423294067
2026-01-31 16:30:17,548 | INFO | [29000/200000] DQN 2 loss: 0.14528276026248932
2026-01-31 16:30:22,941 | INFO | [30000/200000] DQN 1 loss: 0.08131220191717148
2026-01-31 16:30:22,942 | INFO | [30000/200000] DQN 2 loss: 0.11025726050138474
2026-01-31 16:30:28,329 | INFO | [31000/200000] DQN 1 loss: 0.10909941047430038
2026-01-31 16:30:28,330 | INFO | [31000/200000] DQN 2 loss: 0.15675443410873413
2026-01-31 16:30:33,613 | INFO | [32000/200000] DQN 1 loss: 0.161826491355896
2026-01-31 16:30:33,613 | INFO | [32000/200000] DQN 2 loss: 0.11626112461090088
2026-01-31 16:30:38,534 | INFO | [33000/200000] DQN 1 loss: 0.13357262313365936
2026-01-31 16:30:38,534 | INFO | [33000/200000] DQN 2 loss: 0.17021141946315765
2026-01-31 16:30:43,268 | INFO | [34000/200000] DQN 1 loss: 0.07023651152849197
2026-01-31 16:30:43,268 | INFO | [34000/200000] DQN 2 loss: 0.10001511126756668
2026-01-31 16:30:47,991 | INFO | [35000/200000] DQN 1 loss: 0.22835658490657806
2026-01-31 16:30:47,991 | INFO | [35000/200000] DQN 2 loss: 0.18953563272953033
2026-01-31 16:30:52,977 | INFO | [36000/200000] DQN 1 loss: 0.20020782947540283
2026-01-31 16:30:52,977 | INFO | [36000/200000] DQN 2 loss: 0.18262863159179688
2026-01-31 16:30:58,300 | INFO | [37000/200000] DQN 1 loss: 0.1680675745010376
2026-01-31 16:30:58,300 | INFO | [37000/200000] DQN 2 loss: 0.21563415229320526
2026-01-31 16:31:02,781 | INFO | [38000/200000] DQN 1 loss: 0.1073768138885498
2026-01-31 16:31:02,781 | INFO | [38000/200000] DQN 2 loss: 0.18140891194343567
2026-01-31 16:31:07,535 | INFO | [39000/200000] DQN 1 loss: 0.14725537598133087
2026-01-31 16:31:07,535 | INFO | [39000/200000] DQN 2 loss: 0.1575377881526947
2026-01-31 16:31:12,490 | INFO | [40000/200000] DQN 1 loss: 0.14504365622997284
2026-01-31 16:31:12,490 | INFO | [40000/200000] DQN 2 loss: 0.16860784590244293
2026-01-31 16:31:16,890 | INFO | [41000/200000] DQN 1 loss: 0.14434222877025604
2026-01-31 16:31:16,891 | INFO | [41000/200000] DQN 2 loss: 0.15883706510066986
2026-01-31 16:31:21,039 | INFO | [42000/200000] DQN 1 loss: 0.12746448814868927
2026-01-31 16:31:21,039 | INFO | [42000/200000] DQN 2 loss: 0.21976813673973083
2026-01-31 16:31:25,312 | INFO | [43000/200000] DQN 1 loss: 0.15757392346858978
2026-01-31 16:31:25,312 | INFO | [43000/200000] DQN 2 loss: 0.13288214802742004
2026-01-31 16:31:29,329 | INFO | [44000/200000] DQN 1 loss: 0.2272893190383911
2026-01-31 16:31:29,329 | INFO | [44000/200000] DQN 2 loss: 0.23579762876033783
2026-01-31 16:31:33,449 | INFO | [45000/200000] DQN 1 loss: 0.16493719816207886
2026-01-31 16:31:33,449 | INFO | [45000/200000] DQN 2 loss: 0.14719542860984802
2026-01-31 16:31:37,455 | INFO | [46000/200000] DQN 1 loss: 0.10089010000228882
2026-01-31 16:31:37,455 | INFO | [46000/200000] DQN 2 loss: 0.2359471172094345
2026-01-31 16:31:41,952 | INFO | [47000/200000] DQN 1 loss: 0.19994835555553436
2026-01-31 16:31:41,952 | INFO | [47000/200000] DQN 2 loss: 0.29613763093948364
2026-01-31 16:31:46,536 | INFO | [48000/200000] DQN 1 loss: 0.1820085495710373
2026-01-31 16:31:46,536 | INFO | [48000/200000] DQN 2 loss: 0.1559068262577057
2026-01-31 16:31:50,772 | INFO | [49000/200000] DQN 1 loss: 0.056862831115722656
2026-01-31 16:31:50,772 | INFO | [49000/200000] DQN 2 loss: 0.2297433316707611
2026-01-31 16:31:55,595 | INFO | [50000/200000] DQN 1 loss: 0.10596311837434769
2026-01-31 16:31:55,595 | INFO | [50000/200000] DQN 2 loss: 0.16871106624603271
2026-01-31 16:31:59,709 | INFO | [51000/200000] DQN 1 loss: 0.1889151632785797
2026-01-31 16:31:59,709 | INFO | [51000/200000] DQN 2 loss: 0.14717932045459747
2026-01-31 16:32:04,097 | INFO | [52000/200000] DQN 1 loss: 0.1600462794303894
2026-01-31 16:32:04,098 | INFO | [52000/200000] DQN 2 loss: 0.24132458865642548
2026-01-31 16:32:08,751 | INFO | [53000/200000] DQN 1 loss: 0.06582789123058319
2026-01-31 16:32:08,751 | INFO | [53000/200000] DQN 2 loss: 0.1650705635547638
2026-01-31 16:32:12,808 | INFO | [54000/200000] DQN 1 loss: 0.1452382355928421
2026-01-31 16:32:12,808 | INFO | [54000/200000] DQN 2 loss: 0.20630931854248047
2026-01-31 16:32:16,798 | INFO | [55000/200000] DQN 1 loss: 0.1644437313079834
2026-01-31 16:32:16,798 | INFO | [55000/200000] DQN 2 loss: 0.26311373710632324
2026-01-31 16:32:20,877 | INFO | [56000/200000] DQN 1 loss: 0.14034558832645416
2026-01-31 16:32:20,877 | INFO | [56000/200000] DQN 2 loss: 0.20375826954841614
2026-01-31 16:32:24,821 | INFO | [57000/200000] DQN 1 loss: 0.16545605659484863
2026-01-31 16:32:24,821 | INFO | [57000/200000] DQN 2 loss: 0.3154367506504059
2026-01-31 16:32:28,789 | INFO | [58000/200000] DQN 1 loss: 0.16123129427433014
2026-01-31 16:32:28,789 | INFO | [58000/200000] DQN 2 loss: 0.2030976116657257
2026-01-31 16:32:32,548 | INFO | [59000/200000] DQN 1 loss: 0.1409735530614853
2026-01-31 16:32:32,548 | INFO | [59000/200000] DQN 2 loss: 0.22701793909072876
2026-01-31 16:32:36,329 | INFO | [60000/200000] DQN 1 loss: 0.12124180048704147
2026-01-31 16:32:36,329 | INFO | [60000/200000] DQN 2 loss: 0.2620922923088074
2026-01-31 16:32:40,128 | INFO | [61000/200000] DQN 1 loss: 0.14930163323879242
2026-01-31 16:32:40,128 | INFO | [61000/200000] DQN 2 loss: 0.2736150324344635
2026-01-31 16:32:43,911 | INFO | [62000/200000] DQN 1 loss: 0.16544665396213531
2026-01-31 16:32:43,912 | INFO | [62000/200000] DQN 2 loss: 0.20354074239730835
2026-01-31 16:32:47,862 | INFO | [63000/200000] DQN 1 loss: 0.17885184288024902
2026-01-31 16:32:47,862 | INFO | [63000/200000] DQN 2 loss: 0.2564906179904938
2026-01-31 16:32:52,018 | INFO | [64000/200000] DQN 1 loss: 0.1502297967672348
2026-01-31 16:32:52,019 | INFO | [64000/200000] DQN 2 loss: 0.31360456347465515
2026-01-31 16:32:55,986 | INFO | [65000/200000] DQN 1 loss: 0.16894155740737915
2026-01-31 16:32:55,986 | INFO | [65000/200000] DQN 2 loss: 0.1657392829656601
2026-01-31 16:32:59,757 | INFO | [66000/200000] DQN 1 loss: 0.18850401043891907
2026-01-31 16:32:59,757 | INFO | [66000/200000] DQN 2 loss: 0.23177587985992432
2026-01-31 16:33:03,493 | INFO | [67000/200000] DQN 1 loss: 0.1810545176267624
2026-01-31 16:33:03,493 | INFO | [67000/200000] DQN 2 loss: 0.23318931460380554
2026-01-31 16:33:07,302 | INFO | [68000/200000] DQN 1 loss: 0.13444748520851135
2026-01-31 16:33:07,302 | INFO | [68000/200000] DQN 2 loss: 0.2415488064289093
2026-01-31 16:33:11,401 | INFO | [69000/200000] DQN 1 loss: 0.15806196630001068
2026-01-31 16:33:11,401 | INFO | [69000/200000] DQN 2 loss: 0.21706584095954895
2026-01-31 16:33:15,367 | INFO | [70000/200000] DQN 1 loss: 0.22577577829360962
2026-01-31 16:33:15,368 | INFO | [70000/200000] DQN 2 loss: 0.14623810350894928
2026-01-31 16:33:19,383 | INFO | [71000/200000] DQN 1 loss: 0.18166527152061462
2026-01-31 16:33:19,383 | INFO | [71000/200000] DQN 2 loss: 0.264925479888916
2026-01-31 16:33:23,334 | INFO | [72000/200000] DQN 1 loss: 0.1395614594221115
2026-01-31 16:33:23,334 | INFO | [72000/200000] DQN 2 loss: 0.21525825560092926
2026-01-31 16:33:27,399 | INFO | [73000/200000] DQN 1 loss: 0.19276106357574463
2026-01-31 16:33:27,399 | INFO | [73000/200000] DQN 2 loss: 0.19243179261684418
2026-01-31 16:33:44,484 | INFO | Using game instance: python_gomuko
2026-01-31 16:34:07,566 | INFO | Using game instance: python_gomuko
2026-01-31 16:35:37,093 | INFO | Using game instance: python_gomuko
2026-01-31 16:37:35,229 | INFO | [1000/200000] DQN 1 loss: 0.08459431678056717
2026-01-31 16:37:35,229 | INFO | [1000/200000] DQN 2 loss: 0.4208518862724304
2026-01-31 16:39:42,416 | INFO | [2000/200000] DQN 1 loss: 0.006422930862754583
2026-01-31 16:39:42,416 | INFO | [2000/200000] DQN 2 loss: 0.2304643839597702
2026-01-31 16:41:55,676 | INFO | [3000/200000] DQN 1 loss: 0.011165009811520576
2026-01-31 16:41:55,677 | INFO | [3000/200000] DQN 2 loss: 0.004178744740784168
2026-01-31 16:44:08,619 | INFO | [4000/200000] DQN 1 loss: 0.001567464554682374
2026-01-31 16:44:08,619 | INFO | [4000/200000] DQN 2 loss: 0.056508440524339676
2026-01-31 16:46:27,267 | INFO | [5000/200000] DQN 1 loss: 0.03744751960039139
2026-01-31 16:46:27,267 | INFO | [5000/200000] DQN 2 loss: 0.0031241257674992085
2026-01-31 16:46:57,319 | INFO | Using game instance: python_gomuko
2026-01-31 16:49:02,181 | INFO | [1000/200000] DQN 1 loss: 0.08459431678056717
2026-01-31 16:49:02,181 | INFO | [1000/200000] DQN 2 loss: 0.4208518862724304
2026-01-31 16:51:13,100 | INFO | [2000/200000] DQN 1 loss: 0.006422930862754583
2026-01-31 16:51:13,100 | INFO | [2000/200000] DQN 2 loss: 0.2304643839597702
2026-01-31 16:53:27,715 | INFO | [3000/200000] DQN 1 loss: 0.011165009811520576
2026-01-31 16:53:27,715 | INFO | [3000/200000] DQN 2 loss: 0.004178744740784168
2026-01-31 16:55:49,859 | INFO | [4000/200000] DQN 1 loss: 0.001567464554682374
2026-01-31 16:55:49,859 | INFO | [4000/200000] DQN 2 loss: 0.056508440524339676
2026-01-31 16:58:14,838 | INFO | [5000/200000] DQN 1 loss: 0.03744751960039139
2026-01-31 16:58:14,838 | INFO | [5000/200000] DQN 2 loss: 0.0031241257674992085
2026-01-31 17:00:39,949 | INFO | [6000/200000] DQN 1 loss: 0.004180328454822302
2026-01-31 17:00:39,949 | INFO | [6000/200000] DQN 2 loss: 0.0710626095533371
2026-01-31 17:03:01,978 | INFO | [7000/200000] DQN 1 loss: 0.06332185864448547
2026-01-31 17:03:01,978 | INFO | [7000/200000] DQN 2 loss: 0.0008625779300928116
